Added Component: Designator=C16(D6.3C2.5H11)
Add component. Clean all parameters for all variants
Add component (AddParameter): Name = "ComponentKind"; Value = "35V"; VariantName = "[No Variations]"
Add component (AddParameter): Name = "HelpURL"; Value = "https://www.chipdip.ru/product0/8001594426"; VariantName = "[No Variations]"
Add component (AddParameter): Name = "Manufacturer"; Value = "BURNON"; VariantName = "[No Variations]"
Add component (AddParameter): Name = "Model"; Value = "-"; VariantName = "[No Variations]"
Add component (AddParameter): Name = "Value"; Value = "100µF"; VariantName = "[No Variations]"
Added Component: Designator=C17(D6.3C2.5H11)
Add component. Clean all parameters for all variants
Add component (AddParameter): Name = "ComponentKind"; Value = "35V"; VariantName = "[No Variations]"
Add component (AddParameter): Name = "HelpURL"; Value = "https://www.chipdip.ru/product0/8001594426"; VariantName = "[No Variations]"
Add component (AddParameter): Name = "Manufacturer"; Value = "BURNON"; VariantName = "[No Variations]"
Add component (AddParameter): Name = "Model"; Value = "-"; VariantName = "[No Variations]"
Add component (AddParameter): Name = "Value"; Value = "100µF"; VariantName = "[No Variations]"
Added Component: Designator=C18(D6.3C2.5H11)
Add component. Clean all parameters for all variants
Add component (AddParameter): Name = "ComponentKind"; Value = "35V"; VariantName = "[No Variations]"
Add component (AddParameter): Name = "HelpURL"; Value = "https://www.chipdip.ru/product0/8001594426"; VariantName = "[No Variations]"
Add component (AddParameter): Name = "Manufacturer"; Value = "BURNON"; VariantName = "[No Variations]"
Add component (AddParameter): Name = "Model"; Value = "-"; VariantName = "[No Variations]"
Add component (AddParameter): Name = "Value"; Value = "100µF"; VariantName = "[No Variations]"
Added Pin To Net: NetName=VCCIN Pin=C16-1
Added Pin To Net: NetName=GND Pin=C16-2
Added Pin To Net: NetName=VCCLED Pin=C17-1
Added Pin To Net: NetName=GND Pin=C17-2
Added Pin To Net: NetName=VCCLED Pin=C18-1
Added Pin To Net: NetName=GND Pin=C18-2
Added Member To Class: ClassName=Power Member=Component C16 100µF
Added Member To Class: ClassName=Power Member=Component C17 100µF
Added Member To Class: ClassName=Power Member=Component C18 100µF
