Added Component: Designator=C1(TANTAL_B)
Add component. Clean all parameters for all variants
Add component (AddParameter): Name = "ComponentKind"; Value = "20V"; VariantName = "[No Variations]"
Add component (AddParameter): Name = "HelpURL"; Value = "https://www.terraelectronica.ru/product/1042758"; VariantName = "[No Variations]"
Add component (AddParameter): Name = "Manufacturer"; Value = "Vishay Intertechnology Inc."; VariantName = "[No Variations]"
Add component (AddParameter): Name = "Model"; Value = "293D226X9020B2TE3"; VariantName = "[No Variations]"
Add component (AddParameter): Name = "Value"; Value = "22µF"; VariantName = "[No Variations]"
Added Component: Designator=C2(TANTAL_B)
Add component. Clean all parameters for all variants
Add component (AddParameter): Name = "ComponentKind"; Value = "20V"; VariantName = "[No Variations]"
Add component (AddParameter): Name = "HelpURL"; Value = "https://www.terraelectronica.ru/product/1042758"; VariantName = "[No Variations]"
Add component (AddParameter): Name = "Manufacturer"; Value = "Vishay Intertechnology Inc."; VariantName = "[No Variations]"
Add component (AddParameter): Name = "Model"; Value = "293D226X9020B2TE3"; VariantName = "[No Variations]"
Add component (AddParameter): Name = "Value"; Value = "22µF"; VariantName = "[No Variations]"
Added Component: Designator=C3(TANTAL_B)
Add component. Clean all parameters for all variants
Add component (AddParameter): Name = "ComponentKind"; Value = "20V"; VariantName = "[No Variations]"
Add component (AddParameter): Name = "HelpURL"; Value = "https://www.terraelectronica.ru/product/1042758"; VariantName = "[No Variations]"
Add component (AddParameter): Name = "Manufacturer"; Value = "Vishay Intertechnology Inc."; VariantName = "[No Variations]"
Add component (AddParameter): Name = "Model"; Value = "293D226X9020B2TE3"; VariantName = "[No Variations]"
Add component (AddParameter): Name = "Value"; Value = "22µF"; VariantName = "[No Variations]"
Added Component: Designator=C4(CH0603C)
Add component. Clean all parameters for all variants
Add component (AddParameter): Name = "ComponentKind"; Value = ""; VariantName = "[No Variations]"
Add component (AddParameter): Name = "HelpURL"; Value = ""; VariantName = "[No Variations]"
Add component (AddParameter): Name = "Manufacturer"; Value = ""; VariantName = "[No Variations]"
Add component (AddParameter): Name = "Model"; Value = ""; VariantName = "[No Variations]"
Add component (AddParameter): Name = "Value"; Value = "0.1µF"; VariantName = "[No Variations]"
Added Component: Designator=C5(CH0603C)
Add component. Clean all parameters for all variants
Add component (AddParameter): Name = "ComponentKind"; Value = ""; VariantName = "[No Variations]"
Add component (AddParameter): Name = "HelpURL"; Value = ""; VariantName = "[No Variations]"
Add component (AddParameter): Name = "Manufacturer"; Value = ""; VariantName = "[No Variations]"
Add component (AddParameter): Name = "Model"; Value = ""; VariantName = "[No Variations]"
Add component (AddParameter): Name = "Value"; Value = "10nF"; VariantName = "[No Variations]"
Added Component: Designator=C6(D10C5H16)
Add component. Clean all parameters for all variants
Add component (AddParameter): Name = "ComponentKind"; Value = ""; VariantName = "[No Variations]"
Add component (AddParameter): Name = "HelpURL"; Value = ""; VariantName = "[No Variations]"
Add component (AddParameter): Name = "Manufacturer"; Value = ""; VariantName = "[No Variations]"
Add component (AddParameter): Name = "Model"; Value = ""; VariantName = "[No Variations]"
Add component (AddParameter): Name = "Value"; Value = "100µF"; VariantName = "[No Variations]"
Added Component: Designator=C7(CH0603C)
Add component. Clean all parameters for all variants
Add component (AddParameter): Name = "ComponentKind"; Value = "X5R"; VariantName = "[No Variations]"
Add component (AddParameter): Name = "HelpURL"; Value = "https://www.terraelectronica.ru/product/2094261"; VariantName = "[No Variations]"
Add component (AddParameter): Name = "Manufacturer"; Value = "Murata Electronics Inc."; VariantName = "[No Variations]"
Add component (AddParameter): Name = "Model"; Value = "GRM188R71C105KE15D"; VariantName = "[No Variations]"
Add component (AddParameter): Name = "Value"; Value = "1µF"; VariantName = "[No Variations]"
Added Component: Designator=C8(CH0603C)
Add component. Clean all parameters for all variants
Add component (AddParameter): Name = "ComponentKind"; Value = "X5R"; VariantName = "[No Variations]"
Add component (AddParameter): Name = "HelpURL"; Value = "https://www.terraelectronica.ru/product/2094261"; VariantName = "[No Variations]"
Add component (AddParameter): Name = "Manufacturer"; Value = "Murata Electronics Inc."; VariantName = "[No Variations]"
Add component (AddParameter): Name = "Model"; Value = "GRM188R71C105KE15D"; VariantName = "[No Variations]"
Add component (AddParameter): Name = "Value"; Value = "1µF"; VariantName = "[No Variations]"
Added Component: Designator=C9(D10C5H16)
Add component. Clean all parameters for all variants
Add component (AddParameter): Name = "ComponentKind"; Value = ""; VariantName = "[No Variations]"
Add component (AddParameter): Name = "HelpURL"; Value = ""; VariantName = "[No Variations]"
Add component (AddParameter): Name = "Manufacturer"; Value = ""; VariantName = "[No Variations]"
Add component (AddParameter): Name = "Model"; Value = ""; VariantName = "[No Variations]"
Add component (AddParameter): Name = "Value"; Value = "100µF"; VariantName = "[No Variations]"
Added Component: Designator=C10(D10C5H16)
Add component. Clean all parameters for all variants
Add component (AddParameter): Name = "ComponentKind"; Value = ""; VariantName = "[No Variations]"
Add component (AddParameter): Name = "HelpURL"; Value = ""; VariantName = "[No Variations]"
Add component (AddParameter): Name = "Manufacturer"; Value = ""; VariantName = "[No Variations]"
Add component (AddParameter): Name = "Model"; Value = ""; VariantName = "[No Variations]"
Add component (AddParameter): Name = "Value"; Value = "100µF"; VariantName = "[No Variations]"
Added Component: Designator=C11(CH0603C)
Add component. Clean all parameters for all variants
Add component (AddParameter): Name = "ComponentKind"; Value = "X5R"; VariantName = "[No Variations]"
Add component (AddParameter): Name = "HelpURL"; Value = "https://www.terraelectronica.ru/product/2094261"; VariantName = "[No Variations]"
Add component (AddParameter): Name = "Manufacturer"; Value = "Murata Electronics Inc."; VariantName = "[No Variations]"
Add component (AddParameter): Name = "Model"; Value = "GRM188R71C105KE15D"; VariantName = "[No Variations]"
Add component (AddParameter): Name = "Value"; Value = "1µF"; VariantName = "[No Variations]"
Added Component: Designator=C12(CH0603C)
Add component. Clean all parameters for all variants
Add component (AddParameter): Name = "ComponentKind"; Value = "X5R"; VariantName = "[No Variations]"
Add component (AddParameter): Name = "HelpURL"; Value = "https://www.terraelectronica.ru/product/2094261"; VariantName = "[No Variations]"
Add component (AddParameter): Name = "Manufacturer"; Value = "Murata Electronics Inc."; VariantName = "[No Variations]"
Add component (AddParameter): Name = "Model"; Value = "GRM188R71C105KE15D"; VariantName = "[No Variations]"
Add component (AddParameter): Name = "Value"; Value = "1µF"; VariantName = "[No Variations]"
Added Component: Designator=D1(20-UFQFPN)
Add component. Clean all parameters for all variants
Add component (AddParameter): Name = "ComponentKind"; Value = "UFQFPN20"; VariantName = "[No Variations]"
Add component (AddParameter): Name = "HelpURL"; Value = "https://ru.mouser.com/ProductDetail/STMicroelectronics/STM8L151F3U6TR?qs=%2fha2pyFadujNatApb6mgzz%2fJ8pBCuKMdXUiFB4BdrxFB7btRjiLFjw%3d%3d"; VariantName = "[No Variations]"
Add component (AddParameter): Name = "Manufacturer"; Value = "ST Microelectronics"; VariantName = "[No Variations]"
Add component (AddParameter): Name = "Model"; Value = "STM8L151F3U6TR"; VariantName = "[No Variations]"
Added Component: Designator=D2(SOT223)
Add component. Clean all parameters for all variants
Add component (AddParameter): Name = "ComponentKind"; Value = "SOT-223"; VariantName = "[No Variations]"
Add component (AddParameter): Name = "HelpURL"; Value = "http://www.advanced-monolithic.com/pdf/ds1117.pdf"; VariantName = "[No Variations]"
Add component (AddParameter): Name = "Manufacturer"; Value = "Advanced Monolithic Systems"; VariantName = "[No Variations]"
Add component (AddParameter): Name = "Model"; Value = "AMS11117-X.X"; VariantName = "[No Variations]"
Added Component: Designator=D3(SOT223)
Add component. Clean all parameters for all variants
Add component (AddParameter): Name = "ComponentKind"; Value = "SOT-223"; VariantName = "[No Variations]"
Add component (AddParameter): Name = "HelpURL"; Value = "http://www.advanced-monolithic.com/pdf/ds1117.pdf"; VariantName = "[No Variations]"
Add component (AddParameter): Name = "Manufacturer"; Value = "Advanced Monolithic Systems"; VariantName = "[No Variations]"
Add component (AddParameter): Name = "Model"; Value = "AMS11117-X.X"; VariantName = "[No Variations]"
Added Component: Designator=L1(IND: CDRH127)
Add component. Clean all parameters for all variants
Add component (AddParameter): Name = "ComponentKind"; Value = "3.5À"; VariantName = "[No Variations]"
Add component (AddParameter): Name = "HelpURL"; Value = "https://www.terraelectronica.ru/product/231334"; VariantName = "[No Variations]"
Add component (AddParameter): Name = "Manufacturer"; Value = "Sumida Electric"; VariantName = "[No Variations]"
Add component (AddParameter): Name = "Model"; Value = "CDRH127/LDNP-390MC"; VariantName = "[No Variations]"
Add component (AddParameter): Name = "Value"; Value = "150µH"; VariantName = "[No Variations]"
Added Component: Designator=R1(CH0603R)
Add component. Clean all parameters for all variants
Add component (AddParameter): Name = "ComponentKind"; Value = ""; VariantName = "[No Variations]"
Add component (AddParameter): Name = "HelpURL"; Value = ""; VariantName = "[No Variations]"
Add component (AddParameter): Name = "Manufacturer"; Value = ""; VariantName = "[No Variations]"
Add component (AddParameter): Name = "Model"; Value = ""; VariantName = "[No Variations]"
Add component (AddParameter): Name = "Value"; Value = "20"; VariantName = "[No Variations]"
Added Component: Designator=R2(CH0201R)
Add component. Clean all parameters for all variants
Add component (AddParameter): Name = "ComponentKind"; Value = ""; VariantName = "[No Variations]"
Add component (AddParameter): Name = "HelpURL"; Value = ""; VariantName = "[No Variations]"
Add component (AddParameter): Name = "Manufacturer"; Value = ""; VariantName = "[No Variations]"
Add component (AddParameter): Name = "Model"; Value = ""; VariantName = "[No Variations]"
Add component (AddParameter): Name = "Value"; Value = "10k"; VariantName = "[No Variations]"
Added Component: Designator=R3(CH0603R)
Add component. Clean all parameters for all variants
Add component (AddParameter): Name = "ComponentKind"; Value = "±1%"; VariantName = "[No Variations]"
Add component (AddParameter): Name = "HelpURL"; Value = ""; VariantName = "[No Variations]"
Add component (AddParameter): Name = "Manufacturer"; Value = ""; VariantName = "[No Variations]"
Add component (AddParameter): Name = "Model"; Value = ""; VariantName = "[No Variations]"
Add component (AddParameter): Name = "Value"; Value = "20k"; VariantName = "[No Variations]"
Added Component: Designator=R4(CH0603R)
Add component. Clean all parameters for all variants
Add component (AddParameter): Name = "ComponentKind"; Value = ""; VariantName = "[No Variations]"
Add component (AddParameter): Name = "HelpURL"; Value = ""; VariantName = "[No Variations]"
Add component (AddParameter): Name = "Manufacturer"; Value = ""; VariantName = "[No Variations]"
Add component (AddParameter): Name = "Model"; Value = ""; VariantName = "[No Variations]"
Add component (AddParameter): Name = "Value"; Value = "20"; VariantName = "[No Variations]"
Added Component: Designator=R5(CH0603R)
Add component. Clean all parameters for all variants
Add component (AddParameter): Name = "ComponentKind"; Value = "±1%"; VariantName = "[No Variations]"
Add component (AddParameter): Name = "HelpURL"; Value = ""; VariantName = "[No Variations]"
Add component (AddParameter): Name = "Manufacturer"; Value = ""; VariantName = "[No Variations]"
Add component (AddParameter): Name = "Model"; Value = ""; VariantName = "[No Variations]"
Add component (AddParameter): Name = "Value"; Value = "4k7"; VariantName = "[No Variations]"
Added Component: Designator=R6(CH0201R)
Add component. Clean all parameters for all variants
Add component (AddParameter): Name = "ComponentKind"; Value = ""; VariantName = "[No Variations]"
Add component (AddParameter): Name = "HelpURL"; Value = ""; VariantName = "[No Variations]"
Add component (AddParameter): Name = "Manufacturer"; Value = ""; VariantName = "[No Variations]"
Add component (AddParameter): Name = "Model"; Value = ""; VariantName = "[No Variations]"
Add component (AddParameter): Name = "Value"; Value = "10k"; VariantName = "[No Variations]"
Added Component: Designator=R7(CH0603R)
Add component. Clean all parameters for all variants
Add component (AddParameter): Name = "ComponentKind"; Value = ""; VariantName = "[No Variations]"
Add component (AddParameter): Name = "HelpURL"; Value = ""; VariantName = "[No Variations]"
Add component (AddParameter): Name = "Manufacturer"; Value = ""; VariantName = "[No Variations]"
Add component (AddParameter): Name = "Model"; Value = ""; VariantName = "[No Variations]"
Add component (AddParameter): Name = "Value"; Value = "10k"; VariantName = "[No Variations]"
Added Component: Designator=R8(CH0603R)
Add component. Clean all parameters for all variants
Add component (AddParameter): Name = "ComponentKind"; Value = ""; VariantName = "[No Variations]"
Add component (AddParameter): Name = "HelpURL"; Value = ""; VariantName = "[No Variations]"
Add component (AddParameter): Name = "Manufacturer"; Value = ""; VariantName = "[No Variations]"
Add component (AddParameter): Name = "Model"; Value = ""; VariantName = "[No Variations]"
Add component (AddParameter): Name = "Value"; Value = "1k5"; VariantName = "[No Variations]"
Added Component: Designator=R9(CH0603R)
Add component. Clean all parameters for all variants
Add component (AddParameter): Name = "ComponentKind"; Value = ""; VariantName = "[No Variations]"
Add component (AddParameter): Name = "HelpURL"; Value = ""; VariantName = "[No Variations]"
Add component (AddParameter): Name = "Manufacturer"; Value = ""; VariantName = "[No Variations]"
Add component (AddParameter): Name = "Model"; Value = ""; VariantName = "[No Variations]"
Add component (AddParameter): Name = "Value"; Value = "1k5"; VariantName = "[No Variations]"
Added Component: Designator=RN1(CH0603Rx4 (1206))
Add component. Clean all parameters for all variants
Add component (AddParameter): Name = "ComponentKind"; Value = ""; VariantName = "[No Variations]"
Add component (AddParameter): Name = "HelpURL"; Value = "https://www.terraelectronica.ru/pdf/show?pdf_file=https%253A%252F%252Fwww.mouser.com%252Fds%252F2%252F54%252FATCAY-777361.pdf"; VariantName = "[No Variations]"
Add component (AddParameter): Name = "Manufacturer"; Value = "Bourns GmbH."; VariantName = "[No Variations]"
Add component (AddParameter): Name = "Model"; Value = "CAT16-J4"; VariantName = "[No Variations]"
Add component (AddParameter): Name = "Value"; Value = "22"; VariantName = "[No Variations]"
Added Component: Designator=RN2(CH0603Rx4 (1206))
Add component. Clean all parameters for all variants
Add component (AddParameter): Name = "ComponentKind"; Value = ""; VariantName = "[No Variations]"
Add component (AddParameter): Name = "HelpURL"; Value = "https://www.terraelectronica.ru/pdf/show?pdf_file=https%253A%252F%252Fwww.mouser.com%252Fds%252F2%252F54%252FATCAY-777361.pdf"; VariantName = "[No Variations]"
Add component (AddParameter): Name = "Manufacturer"; Value = "Bourns GmbH."; VariantName = "[No Variations]"
Add component (AddParameter): Name = "Model"; Value = "CAT16-J4"; VariantName = "[No Variations]"
Add component (AddParameter): Name = "Value"; Value = "10k"; VariantName = "[No Variations]"
Added Component: Designator=RN3(CH0603Rx4 (1206))
Add component. Clean all parameters for all variants
Add component (AddParameter): Name = "ComponentKind"; Value = ""; VariantName = "[No Variations]"
Add component (AddParameter): Name = "HelpURL"; Value = "https://www.terraelectronica.ru/pdf/show?pdf_file=https%253A%252F%252Fwww.mouser.com%252Fds%252F2%252F54%252FATCAY-777361.pdf"; VariantName = "[No Variations]"
Add component (AddParameter): Name = "Manufacturer"; Value = "Bourns GmbH."; VariantName = "[No Variations]"
Add component (AddParameter): Name = "Model"; Value = "CAT16-J4"; VariantName = "[No Variations]"
Add component (AddParameter): Name = "Value"; Value = "22"; VariantName = "[No Variations]"
Added Component: Designator=RN4(CH0603Rx4 (1206))
Add component. Clean all parameters for all variants
Add component (AddParameter): Name = "ComponentKind"; Value = ""; VariantName = "[No Variations]"
Add component (AddParameter): Name = "HelpURL"; Value = "https://www.terraelectronica.ru/pdf/show?pdf_file=https%253A%252F%252Fwww.mouser.com%252Fds%252F2%252F54%252FATCAY-777361.pdf"; VariantName = "[No Variations]"
Add component (AddParameter): Name = "Manufacturer"; Value = "Bourns GmbH."; VariantName = "[No Variations]"
Add component (AddParameter): Name = "Model"; Value = "CAT16-J4"; VariantName = "[No Variations]"
Add component (AddParameter): Name = "Value"; Value = "10k"; VariantName = "[No Variations]"
Added Component: Designator=VT1(DPAK)
Add component. Clean all parameters for all variants
Add component (AddParameter): Name = "ComponentKind"; Value = "30Â 8.5À"; VariantName = "[No Variations]"
Add component (AddParameter): Name = "HelpURL"; Value = "https://www.infineon.com/dgdl/irfhs8342pbf.pdf?fileId=5546d462533600a401535623992e1f5f"; VariantName = "[No Variations]"
Add component (AddParameter): Name = "Manufacturer"; Value = "Infineon Technologies"; VariantName = "[No Variations]"
Add component (AddParameter): Name = "Model"; Value = "IRFHS8342TRPBF"; VariantName = "[No Variations]"
Added Component: Designator=VT2(DPAK)
Add component. Clean all parameters for all variants
Add component (AddParameter): Name = "ComponentKind"; Value = "30Â 8.5À"; VariantName = "[No Variations]"
Add component (AddParameter): Name = "HelpURL"; Value = "https://www.infineon.com/dgdl/irfhs8342pbf.pdf?fileId=5546d462533600a401535623992e1f5f"; VariantName = "[No Variations]"
Add component (AddParameter): Name = "Manufacturer"; Value = "Infineon Technologies"; VariantName = "[No Variations]"
Add component (AddParameter): Name = "Model"; Value = "IRFHS8342TRPBF"; VariantName = "[No Variations]"
Added Component: Designator=VT3(TSOT23-6)
Add component. Clean all parameters for all variants
Add component (AddParameter): Name = "ComponentKind"; Value = "60V 5A"; VariantName = "[No Variations]"
Add component (AddParameter): Name = "HelpURL"; Value = "https://www.diodes.com/assets/Datasheets/DMN6040SVT.pdf"; VariantName = "[No Variations]"
Add component (AddParameter): Name = "Manufacturer"; Value = "Diodes Incorporated"; VariantName = "[No Variations]"
Add component (AddParameter): Name = "Model"; Value = "DMN6040SVT-7"; VariantName = "[No Variations]"
Added Component: Designator=VT4(SOT23_132)
Add component. Clean all parameters for all variants
Add component (AddParameter): Name = "ComponentKind"; Value = "0.2À, 50Â"; VariantName = "[No Variations]"
Add component (AddParameter): Name = "HelpURL"; Value = "https://static.chipdip.ru/lib/333/DOC003333982.pdf"; VariantName = "[No Variations]"
Add component (AddParameter): Name = "Manufacturer"; Value = "Diodes Incorporated"; VariantName = "[No Variations]"
Add component (AddParameter): Name = "Model"; Value = "BSS138-7-F"; VariantName = "[No Variations]"
Added Component: Designator=VT5(SOT23_132)
Add component. Clean all parameters for all variants
Add component (AddParameter): Name = "ComponentKind"; Value = "0.2À, 50Â"; VariantName = "[No Variations]"
Add component (AddParameter): Name = "HelpURL"; Value = "https://static.chipdip.ru/lib/333/DOC003333982.pdf"; VariantName = "[No Variations]"
Add component (AddParameter): Name = "Manufacturer"; Value = "Diodes Incorporated"; VariantName = "[No Variations]"
Add component (AddParameter): Name = "Model"; Value = "BSS138-7-F"; VariantName = "[No Variations]"
Added Component: Designator=X1(CON: 3 PIN 1x1)
Add component. Clean all parameters for all variants
Add component (AddParameter): Name = "ComponentKind"; Value = ""; VariantName = "[No Variations]"
Add component (AddParameter): Name = "HelpURL"; Value = ""; VariantName = "[No Variations]"
Add component (AddParameter): Name = "Manufacturer"; Value = ""; VariantName = "[No Variations]"
Add component (AddParameter): Name = "Model"; Value = "SWIM 3PIN"; VariantName = "[No Variations]"
Added Pin To Net: NetName=ADC_VIN Pin=D1-6
Added Net: Name=ADC_VIN
Added Pin To Net: NetName=DCDC_ADC_VFB Pin=C4-1
Added Pin To Net: NetName=DCDC_ADC_VFB Pin=D1-17
Added Pin To Net: NetName=DCDC_ADC_VFB Pin=R3-1
Added Pin To Net: NetName=DCDC_ADC_VFB Pin=R5-2
Added Net: Name=DCDC_ADC_VFB
Added Pin To Net: NetName=DCDC_PWM_HS Pin=D1-18
Added Pin To Net: NetName=DCDC_PWM_HS Pin=R1-1
Added Net: Name=DCDC_PWM_HS
Added Pin To Net: NetName=DCDC_PWM_LS Pin=D1-19
Added Pin To Net: NetName=DCDC_PWM_LS Pin=R4-1
Added Net: Name=DCDC_PWM_LS
Added Pin To Net: NetName=GND Pin=C1-2
Added Pin To Net: NetName=GND Pin=C2-2
Added Pin To Net: NetName=GND Pin=C3-2
Added Pin To Net: NetName=GND Pin=C4-2
Added Pin To Net: NetName=GND Pin=C5-1
Added Pin To Net: NetName=GND Pin=C6-2
Added Pin To Net: NetName=GND Pin=C7-1
Added Pin To Net: NetName=GND Pin=C8-1
Added Pin To Net: NetName=GND Pin=C9-2
Added Pin To Net: NetName=GND Pin=C10-2
Added Pin To Net: NetName=GND Pin=C11-1
Added Pin To Net: NetName=GND Pin=C12-1
Added Pin To Net: NetName=GND Pin=D1-4
Added Pin To Net: NetName=GND Pin=D2-1
Added Pin To Net: NetName=GND Pin=D3-1
Added Pin To Net: NetName=GND Pin=R2-1
Added Pin To Net: NetName=GND Pin=R5-1
Added Pin To Net: NetName=GND Pin=R6-1
Added Pin To Net: NetName=GND Pin=RN2-1
Added Pin To Net: NetName=GND Pin=RN2-2
Added Pin To Net: NetName=GND Pin=RN2-3
Added Pin To Net: NetName=GND Pin=RN2-4
Added Pin To Net: NetName=GND Pin=RN4-1
Added Pin To Net: NetName=GND Pin=RN4-2
Added Pin To Net: NetName=GND Pin=RN4-3
Added Pin To Net: NetName=GND Pin=RN4-4
Added Pin To Net: NetName=GND Pin=VT2-3
Added Pin To Net: NetName=GND Pin=X1-3
Added Net: Name=GND
Added Pin To Net: NetName=I2C_IN_SCL Pin=VT5-2
Added Net: Name=I2C_IN_SCL
Added Pin To Net: NetName=I2C_IN_SDA Pin=VT4-2
Added Net: Name=I2C_IN_SDA
Added Pin To Net: NetName=NetL1_2 Pin=L1-2
Added Pin To Net: NetName=NetL1_2 Pin=VT1-3
Added Pin To Net: NetName=NetL1_2 Pin=VT2-2
Added Net: Name=NetL1_2
Added Pin To Net: NetName=NetR1_2 Pin=R1-2
Added Pin To Net: NetName=NetR1_2 Pin=R2-2
Added Pin To Net: NetName=NetR1_2 Pin=VT1-1
Added Net: Name=NetR1_2
Added Pin To Net: NetName=NetR4_2 Pin=R4-2
Added Pin To Net: NetName=NetR4_2 Pin=R6-2
Added Pin To Net: NetName=NetR4_2 Pin=VT2-1
Added Net: Name=NetR4_2
Added Pin To Net: NetName=NetR8_1 Pin=R8-1
Added Pin To Net: NetName=NetR8_1 Pin=VT5-1
Added Net: Name=NetR8_1
Added Pin To Net: NetName=NetR9_1 Pin=R9-1
Added Pin To Net: NetName=NetR9_1 Pin=VT4-1
Added Net: Name=NetR9_1
Added Pin To Net: NetName=NetRN1_5 Pin=RN1-5
Added Pin To Net: NetName=NetRN1_5 Pin=RN2-8
Added Net: Name=NetRN1_5
Added Pin To Net: NetName=NetRN1_6 Pin=RN1-6
Added Pin To Net: NetName=NetRN1_6 Pin=RN2-7
Added Net: Name=NetRN1_6
Added Pin To Net: NetName=NetRN1_7 Pin=RN1-7
Added Pin To Net: NetName=NetRN1_7 Pin=RN2-6
Added Net: Name=NetRN1_7
Added Pin To Net: NetName=NetRN1_8 Pin=RN1-8
Added Pin To Net: NetName=NetRN1_8 Pin=RN2-5
Added Net: Name=NetRN1_8
Added Pin To Net: NetName=NetRN3_5 Pin=RN3-5
Added Pin To Net: NetName=NetRN3_5 Pin=RN4-8
Added Net: Name=NetRN3_5
Added Pin To Net: NetName=NetRN3_6 Pin=RN3-6
Added Pin To Net: NetName=NetRN3_6 Pin=RN4-7
Added Net: Name=NetRN3_6
Added Pin To Net: NetName=NetRN3_7 Pin=RN3-7
Added Pin To Net: NetName=NetRN3_7 Pin=RN4-6
Added Net: Name=NetRN3_7
Added Pin To Net: NetName=NetRN3_8 Pin=RN3-8
Added Pin To Net: NetName=NetRN3_8 Pin=RN4-5
Added Net: Name=NetRN3_8
Added Pin To Net: NetName=PWM_LED1_BLUE Pin=D1-8
Added Pin To Net: NetName=PWM_LED1_BLUE Pin=RN3-3
Added Net: Name=PWM_LED1_BLUE
Added Pin To Net: NetName=PWM_LED1_GREEN Pin=D1-7
Added Pin To Net: NetName=PWM_LED1_GREEN Pin=RN3-4
Added Net: Name=PWM_LED1_GREEN
Added Pin To Net: NetName=PWM_LED1_RED Pin=D1-9
Added Pin To Net: NetName=PWM_LED1_RED Pin=RN3-2
Added Net: Name=PWM_LED1_RED
Added Pin To Net: NetName=PWM_LED1_WW Pin=D1-10
Added Pin To Net: NetName=PWM_LED1_WW Pin=RN3-1
Added Net: Name=PWM_LED1_WW
Added Pin To Net: NetName=PWM_LED2_BLUE Pin=D1-12
Added Pin To Net: NetName=PWM_LED2_BLUE Pin=RN1-3
Added Net: Name=PWM_LED2_BLUE
Added Pin To Net: NetName=PWM_LED2_GREEN Pin=D1-11
Added Pin To Net: NetName=PWM_LED2_GREEN Pin=RN1-4
Added Net: Name=PWM_LED2_GREEN
Added Pin To Net: NetName=PWM_LED2_RED Pin=D1-13
Added Pin To Net: NetName=PWM_LED2_RED Pin=RN1-2
Added Net: Name=PWM_LED2_RED
Added Pin To Net: NetName=PWM_LED2_WW Pin=D1-14
Added Pin To Net: NetName=PWM_LED2_WW Pin=RN1-1
Added Net: Name=PWM_LED2_WW
Added Pin To Net: NetName=RANGE_ECHO Pin=D1-2
Added Net: Name=RANGE_ECHO
Added Pin To Net: NetName=RANGE_TRIG Pin=D1-3
Added Net: Name=RANGE_TRIG
Added Pin To Net: NetName=STM8_I2C_SCL Pin=D1-16
Added Pin To Net: NetName=STM8_I2C_SCL Pin=VT5-3
Added Net: Name=STM8_I2C_SCL
Added Pin To Net: NetName=STM8_I2C_SDA Pin=D1-15
Added Pin To Net: NetName=STM8_I2C_SDA Pin=VT4-3
Added Net: Name=STM8_I2C_SDA
Added Pin To Net: NetName=STM8_RST Pin=C5-2
Added Pin To Net: NetName=STM8_RST Pin=D1-1
Added Pin To Net: NetName=STM8_RST Pin=R7-1
Added Pin To Net: NetName=STM8_RST Pin=X1-2
Added Net: Name=STM8_RST
Added Pin To Net: NetName=STM8_SWIM Pin=D1-20
Added Pin To Net: NetName=STM8_SWIM Pin=X1-1
Added Net: Name=STM8_SWIM
Added Pin To Net: NetName=VCC5 Pin=C10-1
Added Pin To Net: NetName=VCC5 Pin=C12-2
Added Pin To Net: NetName=VCC5 Pin=D3-2
Added Pin To Net: NetName=VCC5 Pin=D3-4
Added Net: Name=VCC5
Added Pin To Net: NetName=VCC33 Pin=C6-1
Added Pin To Net: NetName=VCC33 Pin=C8-2
Added Pin To Net: NetName=VCC33 Pin=D1-5
Added Pin To Net: NetName=VCC33 Pin=D2-2
Added Pin To Net: NetName=VCC33 Pin=D2-4
Added Pin To Net: NetName=VCC33 Pin=R7-2
Added Pin To Net: NetName=VCC33 Pin=R8-2
Added Pin To Net: NetName=VCC33 Pin=R9-2
Added Net: Name=VCC33
Added Pin To Net: NetName=VCCIN Pin=C1-1
Added Pin To Net: NetName=VCCIN Pin=C3-1
Added Pin To Net: NetName=VCCIN Pin=C7-2
Added Pin To Net: NetName=VCCIN Pin=C9-1
Added Pin To Net: NetName=VCCIN Pin=C11-2
Added Pin To Net: NetName=VCCIN Pin=D2-3
Added Pin To Net: NetName=VCCIN Pin=D3-3
Added Pin To Net: NetName=VCCIN Pin=VT1-2
Added Net: Name=VCCIN
Added Pin To Net: NetName=VCCLED Pin=C2-1
Added Pin To Net: NetName=VCCLED Pin=L1-1
Added Pin To Net: NetName=VCCLED Pin=R3-2
Added Net: Name=VCCLED
Added Class: Name=DC unit
Added Class: Name=LED Connection
Added Class: Name=MCU
Added Room: Name=DC unit
Added Room: Name=LED Connection
Added Room: Name=MCU
