Removed Pin From Net: NetName=VCCIN Pin=C9-1
Removed Pin From Net: NetName=GND Pin=C9-2
Removed Member From Class: ClassName=MCU Member=C9
Added Component: Designator=C13(CH0603C)
Add component. Clean all parameters for all variants
Add component (AddParameter): Name = "ComponentKind"; Value = ""; VariantName = "[No Variations]"
Add component (AddParameter): Name = "HelpURL"; Value = ""; VariantName = "[No Variations]"
Add component (AddParameter): Name = "Manufacturer"; Value = ""; VariantName = "[No Variations]"
Add component (AddParameter): Name = "Model"; Value = ""; VariantName = "[No Variations]"
Add component (AddParameter): Name = "Value"; Value = "0.1µF"; VariantName = "[No Variations]"
Added Component: Designator=R10(CH0603R)
Add component. Clean all parameters for all variants
Add component (AddParameter): Name = "ComponentKind"; Value = "±1%"; VariantName = "[No Variations]"
Add component (AddParameter): Name = "HelpURL"; Value = ""; VariantName = "[No Variations]"
Add component (AddParameter): Name = "Manufacturer"; Value = ""; VariantName = "[No Variations]"
Add component (AddParameter): Name = "Model"; Value = ""; VariantName = "[No Variations]"
Add component (AddParameter): Name = "Value"; Value = "18k"; VariantName = "[No Variations]"
Added Component: Designator=R11(CH0603R)
Add component. Clean all parameters for all variants
Add component (AddParameter): Name = "ComponentKind"; Value = "±1%"; VariantName = "[No Variations]"
Add component (AddParameter): Name = "HelpURL"; Value = ""; VariantName = "[No Variations]"
Add component (AddParameter): Name = "Manufacturer"; Value = ""; VariantName = "[No Variations]"
Add component (AddParameter): Name = "Model"; Value = ""; VariantName = "[No Variations]"
Add component (AddParameter): Name = "Value"; Value = "2k"; VariantName = "[No Variations]"
Added Pin To Net: NetName=ADC_VIN Pin=C13-1
Added Pin To Net: NetName=GND Pin=C13-2
Added Pin To Net: NetName=ADC_VIN Pin=R10-1
Added Pin To Net: NetName=VCCIN Pin=R10-2
Added Pin To Net: NetName=GND Pin=R11-1
Added Pin To Net: NetName=ADC_VIN Pin=R11-2
